CRITICAL - 2022-07-05 09:25:04 --> Trying to get property 'nome_cliente' of non-object
in APPPATH\Controllers\Main.php on line 15.
 1 APPPATH\Controllers\Main.php(15): CodeIgniter\Debug\Exceptions->errorHandler(8, 'Trying to get property \'nome_cliente\' of non-object', 'APPPATH\\Controllers\\Main.php', 15, [...])
 2 SYSTEMPATH\CodeIgniter.php(896): App\Controllers\Main->index()
 3 SYSTEMPATH\CodeIgniter.php(466): CodeIgniter\CodeIgniter->runController(Object(App\Controllers\Main))
 4 SYSTEMPATH\CodeIgniter.php(349): CodeIgniter\CodeIgniter->handleRequest(null, Object(Config\Cache), false)
 5 FCPATH\index.php(55): CodeIgniter\CodeIgniter->run()
CRITICAL - 2022-07-05 09:41:29 --> The namespace delimiter is a backslash (\), not a slash (/). Route handler: \App\Controllers\Main:senha/$1
in SYSTEMPATH\Router\Router.php on line 466.
 1 SYSTEMPATH\Router\Router.php(466): CodeIgniter\Router\Exceptions\RouterException::forInvalidControllerName('\\App\\Controllers\\Main:senha/$1')
 2 SYSTEMPATH\Router\Router.php(181): CodeIgniter\Router\Router->checkRoutes('senha/pa$$w0rd')
 3 SYSTEMPATH\CodeIgniter.php(771): CodeIgniter\Router\Router->handle('senha/pa$$w0rd')
 4 SYSTEMPATH\CodeIgniter.php(415): CodeIgniter\CodeIgniter->tryToRouteIt(Object(CodeIgniter\Router\RouteCollection))
 5 SYSTEMPATH\CodeIgniter.php(349): CodeIgniter\CodeIgniter->handleRequest(null, Object(Config\Cache), false)
 6 FCPATH\index.php(55): CodeIgniter\CodeIgniter->run()
CRITICAL - 2022-07-05 14:33:32 --> Undefined property: stdClass::$nome
in APPPATH\Controllers\Main.php on line 53.
 1 APPPATH\Controllers\Main.php(53): CodeIgniter\Debug\Exceptions->errorHandler(8, 'Undefined property: stdClass::$nome', 'APPPATH\\Controllers\\Main.php', 53, [...])
 2 SYSTEMPATH\CodeIgniter.php(896): App\Controllers\Main->login_submit()
 3 SYSTEMPATH\CodeIgniter.php(466): CodeIgniter\CodeIgniter->runController(Object(App\Controllers\Main))
 4 SYSTEMPATH\CodeIgniter.php(349): CodeIgniter\CodeIgniter->handleRequest(null, Object(Config\Cache), false)
 5 FCPATH\index.php(55): CodeIgniter\CodeIgniter->run()
