CRITICAL - 2022-07-06 10:58:12 --> Call to undefined function str_contains()
in APPPATH\Helpers\App_Helper.php on line 25.
 1 APPPATH\Views\layouts\navegacao.php(5): user_autorized('0001')
 2 SYSTEMPATH\View\View.php(213): include('APPPATH\\Views\\layouts\\navegacao.php')
 3 SYSTEMPATH\View\View.php(216): CodeIgniter\View\View->CodeIgniter\View\{closure}()
 4 SYSTEMPATH\View\View.php(429): CodeIgniter\View\View->render('layouts/navegacao', null, true)
 5 APPPATH\Views\layouts\default.php(16): CodeIgniter\View\View->include('layouts/navegacao')
 6 SYSTEMPATH\View\View.php(213): include('APPPATH\\Views\\layouts\\default.php')
 7 SYSTEMPATH\View\View.php(216): CodeIgniter\View\View->CodeIgniter\View\{closure}()
 8 SYSTEMPATH\View\View.php(229): CodeIgniter\View\View->render('layouts/default', [], true)
 9 SYSTEMPATH\Common.php(1135): CodeIgniter\View\View->render('home', [], true)
10 APPPATH\Controllers\Main.php(15): view('home')
11 SYSTEMPATH\CodeIgniter.php(896): App\Controllers\Main->index()
12 SYSTEMPATH\CodeIgniter.php(466): CodeIgniter\CodeIgniter->runController(Object(App\Controllers\Main))
13 SYSTEMPATH\CodeIgniter.php(349): CodeIgniter\CodeIgniter->handleRequest(null, Object(Config\Cache), false)
14 FCPATH\index.php(55): CodeIgniter\CodeIgniter->run()
CRITICAL - 2022-07-06 14:45:59 --> Call to undefined function str_contains()
in APPPATH\Helpers\App_Helper.php on line 25.
 1 APPPATH\Views\layouts\navegacao.php(5): user_autorized('0001')
 2 SYSTEMPATH\View\View.php(213): include('APPPATH\\Views\\layouts\\navegacao.php')
 3 SYSTEMPATH\View\View.php(216): CodeIgniter\View\View->CodeIgniter\View\{closure}()
 4 SYSTEMPATH\View\View.php(429): CodeIgniter\View\View->render('layouts/navegacao', null, true)
 5 APPPATH\Views\layouts\default.php(16): CodeIgniter\View\View->include('layouts/navegacao')
 6 SYSTEMPATH\View\View.php(213): include('APPPATH\\Views\\layouts\\default.php')
 7 SYSTEMPATH\View\View.php(216): CodeIgniter\View\View->CodeIgniter\View\{closure}()
 8 SYSTEMPATH\View\View.php(229): CodeIgniter\View\View->render('layouts/default', [], true)
 9 SYSTEMPATH\Common.php(1135): CodeIgniter\View\View->render('home', [], true)
10 APPPATH\Controllers\Main.php(15): view('home')
11 SYSTEMPATH\CodeIgniter.php(896): App\Controllers\Main->index()
12 SYSTEMPATH\CodeIgniter.php(466): CodeIgniter\CodeIgniter->runController(Object(App\Controllers\Main))
13 SYSTEMPATH\CodeIgniter.php(349): CodeIgniter\CodeIgniter->handleRequest(null, Object(Config\Cache), false)
14 FCPATH\index.php(55): CodeIgniter\CodeIgniter->run()
CRITICAL - 2022-07-06 14:52:48 --> Call to undefined function str_contains()
in APPPATH\Helpers\App_Helper.php on line 25.
 1 APPPATH\Views\layouts\navegacao.php(5): user_autorized('0001')
 2 SYSTEMPATH\View\View.php(213): include('APPPATH\\Views\\layouts\\navegacao.php')
 3 SYSTEMPATH\View\View.php(216): CodeIgniter\View\View->CodeIgniter\View\{closure}()
 4 SYSTEMPATH\View\View.php(429): CodeIgniter\View\View->render('layouts/navegacao', null, true)
 5 APPPATH\Views\layouts\default.php(16): CodeIgniter\View\View->include('layouts/navegacao')
 6 SYSTEMPATH\View\View.php(213): include('APPPATH\\Views\\layouts\\default.php')
 7 SYSTEMPATH\View\View.php(216): CodeIgniter\View\View->CodeIgniter\View\{closure}()
 8 SYSTEMPATH\View\View.php(229): CodeIgniter\View\View->render('layouts/default', [], true)
 9 SYSTEMPATH\Common.php(1135): CodeIgniter\View\View->render('home', [], true)
10 APPPATH\Controllers\Main.php(15): view('home')
11 SYSTEMPATH\CodeIgniter.php(896): App\Controllers\Main->index()
12 SYSTEMPATH\CodeIgniter.php(466): CodeIgniter\CodeIgniter->runController(Object(App\Controllers\Main))
13 SYSTEMPATH\CodeIgniter.php(349): CodeIgniter\CodeIgniter->handleRequest(null, Object(Config\Cache), false)
14 FCPATH\index.php(55): CodeIgniter\CodeIgniter->run()
CRITICAL - 2022-07-06 14:52:52 --> Call to undefined function str_contains()
in APPPATH\Helpers\App_Helper.php on line 25.
 1 APPPATH\Views\layouts\navegacao.php(5): user_autorized('0001')
 2 SYSTEMPATH\View\View.php(213): include('APPPATH\\Views\\layouts\\navegacao.php')
 3 SYSTEMPATH\View\View.php(216): CodeIgniter\View\View->CodeIgniter\View\{closure}()
 4 SYSTEMPATH\View\View.php(429): CodeIgniter\View\View->render('layouts/navegacao', null, true)
 5 APPPATH\Views\layouts\default.php(16): CodeIgniter\View\View->include('layouts/navegacao')
 6 SYSTEMPATH\View\View.php(213): include('APPPATH\\Views\\layouts\\default.php')
 7 SYSTEMPATH\View\View.php(216): CodeIgniter\View\View->CodeIgniter\View\{closure}()
 8 SYSTEMPATH\View\View.php(229): CodeIgniter\View\View->render('layouts/default', [], true)
 9 SYSTEMPATH\Common.php(1135): CodeIgniter\View\View->render('home', [], true)
10 APPPATH\Controllers\Main.php(15): view('home')
11 SYSTEMPATH\CodeIgniter.php(896): App\Controllers\Main->index()
12 SYSTEMPATH\CodeIgniter.php(466): CodeIgniter\CodeIgniter->runController(Object(App\Controllers\Main))
13 SYSTEMPATH\CodeIgniter.php(349): CodeIgniter\CodeIgniter->handleRequest(null, Object(Config\Cache), false)
14 FCPATH\index.php(55): CodeIgniter\CodeIgniter->run()
CRITICAL - 2022-07-06 14:52:54 --> Call to undefined function str_contains()
in APPPATH\Helpers\App_Helper.php on line 25.
 1 APPPATH\Views\layouts\navegacao.php(5): user_autorized('0001')
 2 SYSTEMPATH\View\View.php(213): include('APPPATH\\Views\\layouts\\navegacao.php')
 3 SYSTEMPATH\View\View.php(216): CodeIgniter\View\View->CodeIgniter\View\{closure}()
 4 SYSTEMPATH\View\View.php(429): CodeIgniter\View\View->render('layouts/navegacao', null, true)
 5 APPPATH\Views\layouts\default.php(16): CodeIgniter\View\View->include('layouts/navegacao')
 6 SYSTEMPATH\View\View.php(213): include('APPPATH\\Views\\layouts\\default.php')
 7 SYSTEMPATH\View\View.php(216): CodeIgniter\View\View->CodeIgniter\View\{closure}()
 8 SYSTEMPATH\View\View.php(229): CodeIgniter\View\View->render('layouts/default', [], true)
 9 SYSTEMPATH\Common.php(1135): CodeIgniter\View\View->render('home', [], true)
10 APPPATH\Controllers\Main.php(15): view('home')
11 SYSTEMPATH\CodeIgniter.php(896): App\Controllers\Main->index()
12 SYSTEMPATH\CodeIgniter.php(466): CodeIgniter\CodeIgniter->runController(Object(App\Controllers\Main))
13 SYSTEMPATH\CodeIgniter.php(349): CodeIgniter\CodeIgniter->handleRequest(null, Object(Config\Cache), false)
14 FCPATH\index.php(55): CodeIgniter\CodeIgniter->run()
CRITICAL - 2022-07-06 14:52:57 --> Call to undefined function str_contains()
in APPPATH\Helpers\App_Helper.php on line 25.
 1 APPPATH\Views\layouts\navegacao.php(5): user_autorized('0001')
 2 SYSTEMPATH\View\View.php(213): include('APPPATH\\Views\\layouts\\navegacao.php')
 3 SYSTEMPATH\View\View.php(216): CodeIgniter\View\View->CodeIgniter\View\{closure}()
 4 SYSTEMPATH\View\View.php(429): CodeIgniter\View\View->render('layouts/navegacao', null, true)
 5 APPPATH\Views\layouts\default.php(16): CodeIgniter\View\View->include('layouts/navegacao')
 6 SYSTEMPATH\View\View.php(213): include('APPPATH\\Views\\layouts\\default.php')
 7 SYSTEMPATH\View\View.php(216): CodeIgniter\View\View->CodeIgniter\View\{closure}()
 8 SYSTEMPATH\View\View.php(229): CodeIgniter\View\View->render('layouts/default', [], true)
 9 SYSTEMPATH\Common.php(1135): CodeIgniter\View\View->render('home', [], true)
10 APPPATH\Controllers\Main.php(15): view('home')
11 SYSTEMPATH\CodeIgniter.php(896): App\Controllers\Main->index()
12 SYSTEMPATH\CodeIgniter.php(466): CodeIgniter\CodeIgniter->runController(Object(App\Controllers\Main))
13 SYSTEMPATH\CodeIgniter.php(349): CodeIgniter\CodeIgniter->handleRequest(null, Object(Config\Cache), false)
14 FCPATH\index.php(55): CodeIgniter\CodeIgniter->run()
CRITICAL - 2022-07-06 14:53:00 --> Call to undefined function str_contains()
in APPPATH\Helpers\App_Helper.php on line 25.
 1 APPPATH\Views\layouts\navegacao.php(5): user_autorized('0001')
 2 SYSTEMPATH\View\View.php(213): include('APPPATH\\Views\\layouts\\navegacao.php')
 3 SYSTEMPATH\View\View.php(216): CodeIgniter\View\View->CodeIgniter\View\{closure}()
 4 SYSTEMPATH\View\View.php(429): CodeIgniter\View\View->render('layouts/navegacao', null, true)
 5 APPPATH\Views\layouts\default.php(16): CodeIgniter\View\View->include('layouts/navegacao')
 6 SYSTEMPATH\View\View.php(213): include('APPPATH\\Views\\layouts\\default.php')
 7 SYSTEMPATH\View\View.php(216): CodeIgniter\View\View->CodeIgniter\View\{closure}()
 8 SYSTEMPATH\View\View.php(229): CodeIgniter\View\View->render('layouts/default', [], true)
 9 SYSTEMPATH\Common.php(1135): CodeIgniter\View\View->render('home', [], true)
10 APPPATH\Controllers\Main.php(15): view('home')
11 SYSTEMPATH\CodeIgniter.php(896): App\Controllers\Main->index()
12 SYSTEMPATH\CodeIgniter.php(466): CodeIgniter\CodeIgniter->runController(Object(App\Controllers\Main))
13 SYSTEMPATH\CodeIgniter.php(349): CodeIgniter\CodeIgniter->handleRequest(null, Object(Config\Cache), false)
14 FCPATH\index.php(55): CodeIgniter\CodeIgniter->run()
CRITICAL - 2022-07-06 14:53:26 --> The framework needs the following extension(s) installed and loaded: curl, intl, mbstring.
in SYSTEMPATH\CodeIgniter.php on line 231.
 1 SYSTEMPATH\CodeIgniter.php(231): CodeIgniter\Exceptions\FrameworkException::forMissingExtension('curl, intl, mbstring')
 2 SYSTEMPATH\CodeIgniter.php(189): CodeIgniter\CodeIgniter->resolvePlatformExtensions()
 3 FCPATH\index.php(43): CodeIgniter\CodeIgniter->initialize()
CRITICAL - 2022-07-06 14:54:18 --> The framework needs the following extension(s) installed and loaded: curl, intl, mbstring.
in SYSTEMPATH\CodeIgniter.php on line 231.
 1 SYSTEMPATH\CodeIgniter.php(231): CodeIgniter\Exceptions\FrameworkException::forMissingExtension('curl, intl, mbstring')
 2 SYSTEMPATH\CodeIgniter.php(189): CodeIgniter\CodeIgniter->resolvePlatformExtensions()
 3 FCPATH\index.php(43): CodeIgniter\CodeIgniter->initialize()
CRITICAL - 2022-07-06 14:54:21 --> The framework needs the following extension(s) installed and loaded: curl, intl, mbstring.
in SYSTEMPATH\CodeIgniter.php on line 231.
 1 SYSTEMPATH\CodeIgniter.php(231): CodeIgniter\Exceptions\FrameworkException::forMissingExtension('curl, intl, mbstring')
 2 SYSTEMPATH\CodeIgniter.php(189): CodeIgniter\CodeIgniter->resolvePlatformExtensions()
 3 FCPATH\index.php(43): CodeIgniter\CodeIgniter->initialize()
CRITICAL - 2022-07-06 14:54:46 --> The framework needs the following extension(s) installed and loaded: curl, intl, mbstring.
in SYSTEMPATH\CodeIgniter.php on line 231.
 1 SYSTEMPATH\CodeIgniter.php(231): CodeIgniter\Exceptions\FrameworkException::forMissingExtension('curl, intl, mbstring')
 2 SYSTEMPATH\CodeIgniter.php(189): CodeIgniter\CodeIgniter->resolvePlatformExtensions()
 3 FCPATH\index.php(43): CodeIgniter\CodeIgniter->initialize()
CRITICAL - 2022-07-06 14:54:50 --> The framework needs the following extension(s) installed and loaded: curl, intl, mbstring.
in SYSTEMPATH\CodeIgniter.php on line 231.
 1 SYSTEMPATH\CodeIgniter.php(231): CodeIgniter\Exceptions\FrameworkException::forMissingExtension('curl, intl, mbstring')
 2 SYSTEMPATH\CodeIgniter.php(189): CodeIgniter\CodeIgniter->resolvePlatformExtensions()
 3 FCPATH\index.php(43): CodeIgniter\CodeIgniter->initialize()
CRITICAL - 2022-07-06 14:55:19 --> The framework needs the following extension(s) installed and loaded: curl, intl, mbstring.
in SYSTEMPATH\CodeIgniter.php on line 231.
 1 SYSTEMPATH\CodeIgniter.php(231): CodeIgniter\Exceptions\FrameworkException::forMissingExtension('curl, intl, mbstring')
 2 SYSTEMPATH\CodeIgniter.php(189): CodeIgniter\CodeIgniter->resolvePlatformExtensions()
 3 FCPATH\index.php(43): CodeIgniter\CodeIgniter->initialize()
CRITICAL - 2022-07-06 15:17:34 --> The framework needs the following extension(s) installed and loaded: curl, intl, mbstring.
in SYSTEMPATH\CodeIgniter.php on line 231.
 1 SYSTEMPATH\CodeIgniter.php(231): CodeIgniter\Exceptions\FrameworkException::forMissingExtension('curl, intl, mbstring')
 2 SYSTEMPATH\CodeIgniter.php(189): CodeIgniter\CodeIgniter->resolvePlatformExtensions()
 3 FCPATH\index.php(43): CodeIgniter\CodeIgniter->initialize()
CRITICAL - 2022-07-06 15:21:53 --> The framework needs the following extension(s) installed and loaded: curl, intl, mbstring.
in SYSTEMPATH\CodeIgniter.php on line 231.
 1 SYSTEMPATH\CodeIgniter.php(231): CodeIgniter\Exceptions\FrameworkException::forMissingExtension('curl, intl, mbstring')
 2 SYSTEMPATH\CodeIgniter.php(189): CodeIgniter\CodeIgniter->resolvePlatformExtensions()
 3 FCPATH\index.php(43): CodeIgniter\CodeIgniter->initialize()
CRITICAL - 2022-07-06 15:23:24 --> The framework needs the following extension(s) installed and loaded: intl, mbstring.
in SYSTEMPATH\CodeIgniter.php on line 231.
 1 SYSTEMPATH\CodeIgniter.php(231): CodeIgniter\Exceptions\FrameworkException::forMissingExtension('intl, mbstring')
 2 SYSTEMPATH\CodeIgniter.php(189): CodeIgniter\CodeIgniter->resolvePlatformExtensions()
 3 FCPATH\index.php(43): CodeIgniter\CodeIgniter->initialize()
CRITICAL - 2022-07-06 15:41:17 --> Call to undefined function str_contains()
in APPPATH\Helpers\App_Helper.php on line 25.
 1 APPPATH\Views\layouts\navegacao.php(5): user_autorized('0001')
 2 SYSTEMPATH\View\View.php(213): include('APPPATH\\Views\\layouts\\navegacao.php')
 3 SYSTEMPATH\View\View.php(216): CodeIgniter\View\View->CodeIgniter\View\{closure}()
 4 SYSTEMPATH\View\View.php(429): CodeIgniter\View\View->render('layouts/navegacao', null, true)
 5 APPPATH\Views\layouts\default.php(16): CodeIgniter\View\View->include('layouts/navegacao')
 6 SYSTEMPATH\View\View.php(213): include('APPPATH\\Views\\layouts\\default.php')
 7 SYSTEMPATH\View\View.php(216): CodeIgniter\View\View->CodeIgniter\View\{closure}()
 8 SYSTEMPATH\View\View.php(229): CodeIgniter\View\View->render('layouts/default', [], true)
 9 SYSTEMPATH\Common.php(1135): CodeIgniter\View\View->render('home', [], true)
10 APPPATH\Controllers\Main.php(15): view('home')
11 SYSTEMPATH\CodeIgniter.php(896): App\Controllers\Main->index()
12 SYSTEMPATH\CodeIgniter.php(466): CodeIgniter\CodeIgniter->runController(Object(App\Controllers\Main))
13 SYSTEMPATH\CodeIgniter.php(349): CodeIgniter\CodeIgniter->handleRequest(null, Object(Config\Cache), false)
14 FCPATH\index.php(55): CodeIgniter\CodeIgniter->run()
CRITICAL - 2022-07-06 15:41:29 --> Call to undefined function str_contains()
in APPPATH\Helpers\App_Helper.php on line 25.
 1 APPPATH\Views\layouts\navegacao.php(5): user_autorized('0001')
 2 SYSTEMPATH\View\View.php(213): include('APPPATH\\Views\\layouts\\navegacao.php')
 3 SYSTEMPATH\View\View.php(216): CodeIgniter\View\View->CodeIgniter\View\{closure}()
 4 SYSTEMPATH\View\View.php(429): CodeIgniter\View\View->render('layouts/navegacao', null, true)
 5 APPPATH\Views\layouts\default.php(16): CodeIgniter\View\View->include('layouts/navegacao')
 6 SYSTEMPATH\View\View.php(213): include('APPPATH\\Views\\layouts\\default.php')
 7 SYSTEMPATH\View\View.php(216): CodeIgniter\View\View->CodeIgniter\View\{closure}()
 8 SYSTEMPATH\View\View.php(229): CodeIgniter\View\View->render('layouts/default', [], true)
 9 SYSTEMPATH\Common.php(1135): CodeIgniter\View\View->render('home', [], true)
10 APPPATH\Controllers\Main.php(15): view('home')
11 SYSTEMPATH\CodeIgniter.php(896): App\Controllers\Main->index()
12 SYSTEMPATH\CodeIgniter.php(466): CodeIgniter\CodeIgniter->runController(Object(App\Controllers\Main))
13 SYSTEMPATH\CodeIgniter.php(349): CodeIgniter\CodeIgniter->handleRequest(null, Object(Config\Cache), false)
14 FCPATH\index.php(55): CodeIgniter\CodeIgniter->run()
CRITICAL - 2022-07-06 15:41:33 --> Call to undefined function str_contains()
in APPPATH\Helpers\App_Helper.php on line 25.
 1 APPPATH\Views\layouts\navegacao.php(5): user_autorized('0001')
 2 SYSTEMPATH\View\View.php(213): include('APPPATH\\Views\\layouts\\navegacao.php')
 3 SYSTEMPATH\View\View.php(216): CodeIgniter\View\View->CodeIgniter\View\{closure}()
 4 SYSTEMPATH\View\View.php(429): CodeIgniter\View\View->render('layouts/navegacao', null, true)
 5 APPPATH\Views\layouts\default.php(16): CodeIgniter\View\View->include('layouts/navegacao')
 6 SYSTEMPATH\View\View.php(213): include('APPPATH\\Views\\layouts\\default.php')
 7 SYSTEMPATH\View\View.php(216): CodeIgniter\View\View->CodeIgniter\View\{closure}()
 8 SYSTEMPATH\View\View.php(229): CodeIgniter\View\View->render('layouts/default', [], true)
 9 SYSTEMPATH\Common.php(1135): CodeIgniter\View\View->render('home', [], true)
10 APPPATH\Controllers\Main.php(15): view('home')
11 SYSTEMPATH\CodeIgniter.php(896): App\Controllers\Main->index()
12 SYSTEMPATH\CodeIgniter.php(466): CodeIgniter\CodeIgniter->runController(Object(App\Controllers\Main))
13 SYSTEMPATH\CodeIgniter.php(349): CodeIgniter\CodeIgniter->handleRequest(null, Object(Config\Cache), false)
14 FCPATH\index.php(55): CodeIgniter\CodeIgniter->run()
